<?xml version="1.0" encoding="UTF-8"?>
<!-- Generated by org.testng.reporters.JUnitXMLReporter -->
<testsuite ignored="1" hostname="LAPTOP-6AGQ7HPI" failures="0" tests="1" name="Default test" time="0.083" errors="0" timestamp="2021-03-19T11:52:08 IST">
  <testcase classname="QASeleniumtesting.Mavenjava.SeleniumTest" name="Selenium_logged" time="0.016"/>
  <testcase classname="QASeleniumtesting.Mavenjava.SeleniumTest" name="Selenium_login" time="0.0">
    <ignored/>
  </testcase> <!-- Selenium_login -->
</testsuite> <!-- Default test -->
