<?xml version="1.0" encoding="UTF-8"?>
<!-- Generated by org.testng.reporters.JUnitXMLReporter -->
<testsuite ignored="0" hostname="LAPTOP-6AGQ7HPI" failures="0" tests="6" name="Test" time="0.036" errors="0" timestamp="2021-03-19T10:09:33 IST">
  <testcase classname="QASeleniumtesting.Mavenjava.AppiumTest" name="Appium_logged" time="0.004"/>
  <testcase classname="QASeleniumtesting.Mavenjava.AppiumTest" name="Appium_login" time="0.0"/>
  <testcase classname="QASeleniumtesting.Mavenjava.RestAPITest" name="RestAPI_logged" time="0.0"/>
  <testcase classname="QASeleniumtesting.Mavenjava.RestAPITest" name="RestAPI_login" time="0.0"/>
  <testcase classname="QASeleniumtesting.Mavenjava.SeleniumTest" name="Selenium_logged" time="0.0"/>
  <testcase classname="QASeleniumtesting.Mavenjava.SeleniumTest" name="Selenium_login" time="0.0"/>
</testsuite> <!-- Test -->
