<?xml version="1.0" encoding="UTF-8"?>
<testng-results ignored="0" total="6" passed="6" failed="0" skipped="0">
  <reporter-output>
  </reporter-output>
  <suite started-at="2021-03-19T10:09:33 IST" name="Suite" finished-at="2021-03-19T10:09:33 IST" duration-ms="36">
    <groups>
    </groups>
    <test started-at="2021-03-19T10:09:33 IST" name="Test" finished-at="2021-03-19T10:09:33 IST" duration-ms="36">
      <class name="QASeleniumtesting.Mavenjava.RestAPITest">
        <test-method signature="RestAPI_logged()[pri:0, instance:QASeleniumtesting.Mavenjava.RestAPITest@30b7c004]" started-at="2021-03-19T10:09:33 IST" name="RestAPI_logged" finished-at="2021-03-19T10:09:33 IST" duration-ms="0" status="PASS">
          <reporter-output>
          </reporter-output>
        </test-method> <!-- RestAPI_logged -->
        <test-method signature="RestAPI_login()[pri:0, instance:QASeleniumtesting.Mavenjava.RestAPITest@30b7c004]" started-at="2021-03-19T10:09:33 IST" name="RestAPI_login" finished-at="2021-03-19T10:09:33 IST" duration-ms="0" status="PASS">
          <reporter-output>
          </reporter-output>
        </test-method> <!-- RestAPI_login -->
      </class> <!-- QASeleniumtesting.Mavenjava.RestAPITest -->
      <class name="QASeleniumtesting.Mavenjava.SeleniumTest">
        <test-method signature="Selenium_login()[pri:0, instance:QASeleniumtesting.Mavenjava.SeleniumTest@79efed2d]" started-at="2021-03-19T10:09:33 IST" name="Selenium_login" finished-at="2021-03-19T10:09:33 IST" duration-ms="0" status="PASS">
          <reporter-output>
          </reporter-output>
        </test-method> <!-- Selenium_login -->
        <test-method signature="Selenium_logged()[pri:0, instance:QASeleniumtesting.Mavenjava.SeleniumTest@79efed2d]" started-at="2021-03-19T10:09:33 IST" name="Selenium_logged" finished-at="2021-03-19T10:09:33 IST" duration-ms="0" status="PASS">
          <reporter-output>
          </reporter-output>
        </test-method> <!-- Selenium_logged -->
      </class> <!-- QASeleniumtesting.Mavenjava.SeleniumTest -->
      <class name="QASeleniumtesting.Mavenjava.AppiumTest">
        <test-method signature="Appium_logged()[pri:0, instance:QASeleniumtesting.Mavenjava.AppiumTest@223f3642]" started-at="2021-03-19T10:09:33 IST" name="Appium_logged" finished-at="2021-03-19T10:09:33 IST" duration-ms="4" status="PASS">
          <reporter-output>
          </reporter-output>
        </test-method> <!-- Appium_logged -->
        <test-method signature="Appium_login()[pri:0, instance:QASeleniumtesting.Mavenjava.AppiumTest@223f3642]" started-at="2021-03-19T10:09:33 IST" name="Appium_login" finished-at="2021-03-19T10:09:33 IST" duration-ms="0" status="PASS">
          <reporter-output>
          </reporter-output>
        </test-method> <!-- Appium_login -->
      </class> <!-- QASeleniumtesting.Mavenjava.AppiumTest -->
    </test> <!-- Test -->
  </suite> <!-- Suite -->
</testng-results>
