<?xml version="1.0" encoding="UTF-8"?>
<testng-results ignored="1" total="2" passed="1" failed="0" skipped="0">
  <reporter-output>
  </reporter-output>
  <suite started-at="2021-03-19T11:52:08 IST" name="Default suite" finished-at="2021-03-19T11:52:08 IST" duration-ms="83">
    <groups>
    </groups>
    <test started-at="2021-03-19T11:52:08 IST" name="Default test" finished-at="2021-03-19T11:52:08 IST" duration-ms="83">
      <class name="QASeleniumtesting.Mavenjava.SeleniumTest">
        <test-method signature="Selenium_logged()[pri:0, instance:QASeleniumtesting.Mavenjava.SeleniumTest@3c22fc4c]" started-at="2021-03-19T11:52:08 IST" name="Selenium_logged" finished-at="2021-03-19T11:52:08 IST" duration-ms="16" status="PASS">
          <reporter-output>
          </reporter-output>
        </test-method> <!-- Selenium_logged -->
      </class> <!-- QASeleniumtesting.Mavenjava.SeleniumTest -->
    </test> <!-- Default test -->
  </suite> <!-- Default suite -->
</testng-results>
